<?xml version="1.0" encoding="UTF-8"?>
<!-- Generated by org.testng.reporters.JUnitReportReporter -->
<testsuite hostname="DESKTOP-NA2JSR3" failures="0" tests="3" name="cucumber.Options.TestRunner" time="9.332" errors="0" timestamp="2024-07-28T21:45:49 IST" skipped="0">
  <testcase classname="cucumber.Options.TestRunner" name="runScenario" time="9.045"/>
  <testcase classname="cucumber.Options.TestRunner" name="runScenario" time="0.170"/>
  <testcase classname="cucumber.Options.TestRunner" name="runScenario" time="0.117"/>
</testsuite> <!-- cucumber.Options.TestRunner -->
